c:\users\nacho\source\repos\iestevez\cortex-example\cpp-qt\cortexclient\x64\debug\headset.obj
c:\users\nacho\source\repos\iestevez\cortex-example\cpp-qt\cortexclient\x64\debug\sessioncreator.obj
c:\users\nacho\source\repos\iestevez\cortex-example\cpp-qt\cortexclient\x64\debug\moc_sessioncreator.obj
c:\users\nacho\source\repos\iestevez\cortex-example\cpp-qt\cortexclient\x64\debug\datastreamexample.obj
c:\users\nacho\source\repos\iestevez\cortex-example\cpp-qt\cortexclient\x64\debug\moc_headsetfinder.obj
c:\users\nacho\source\repos\iestevez\cortex-example\cpp-qt\cortexclient\x64\debug\cortexclient.obj
c:\users\nacho\source\repos\iestevez\cortex-example\cpp-qt\cortexclient\x64\debug\moc_datastreamexample.obj
c:\users\nacho\source\repos\iestevez\cortex-example\cpp-qt\cortexclient\x64\debug\headsetfinder.obj
c:\users\nacho\source\repos\iestevez\cortex-example\cpp-qt\cortexclient\x64\debug\moc_cortexclient.obj
c:\users\nacho\source\repos\iestevez\cortex-example\cpp-qt\cortexclient\x64\debug\vc141.pdb
c:\users\nacho\source\repos\iestevez\cortex-example\cpp-qt\cortexclient\debug\moc_cortexclient.cpp
c:\users\nacho\source\repos\iestevez\cortex-example\cpp-qt\cortexclient\debug\moc_datastreamexample.cpp
c:\users\nacho\source\repos\iestevez\cortex-example\cpp-qt\cortexclient\debug\moc_headsetfinder.cpp
c:\users\nacho\source\repos\iestevez\cortex-example\cpp-qt\cortexclient\debug\moc_sessioncreator.cpp
c:\users\nacho\source\repos\iestevez\cortex-example\cpp-qt\cortexclient\debug\moc_predefs.h
c:\users\nacho\source\repos\iestevez\cortex-example\cpp-qt\cortexclient\debug\cortexclient.lib
c:\users\nacho\source\repos\iestevez\cortex-example\cpp-qt\cortexclient\x64\debug\cortexclient.tlog\cl.10852.write.1.tlog
c:\users\nacho\source\repos\iestevez\cortex-example\cpp-qt\cortexclient\x64\debug\cortexclient.tlog\cl.command.1.tlog
c:\users\nacho\source\repos\iestevez\cortex-example\cpp-qt\cortexclient\x64\debug\cortexclient.tlog\cl.read.1.tlog
c:\users\nacho\source\repos\iestevez\cortex-example\cpp-qt\cortexclient\x64\debug\cortexclient.tlog\cortexclient.write.1u.tlog
c:\users\nacho\source\repos\iestevez\cortex-example\cpp-qt\cortexclient\x64\debug\cortexclient.tlog\custombuild.command.1.tlog
c:\users\nacho\source\repos\iestevez\cortex-example\cpp-qt\cortexclient\x64\debug\cortexclient.tlog\custombuild.read.1.tlog
c:\users\nacho\source\repos\iestevez\cortex-example\cpp-qt\cortexclient\x64\debug\cortexclient.tlog\custombuild.write.1.tlog
c:\users\nacho\source\repos\iestevez\cortex-example\cpp-qt\cortexclient\x64\debug\cortexclient.tlog\lib-link.read.1.tlog
c:\users\nacho\source\repos\iestevez\cortex-example\cpp-qt\cortexclient\x64\debug\cortexclient.tlog\lib-link.write.1.tlog
c:\users\nacho\source\repos\iestevez\cortex-example\cpp-qt\cortexclient\x64\debug\cortexclient.tlog\lib.command.1.tlog
c:\users\nacho\source\repos\iestevez\cortex-example\cpp-qt\cortexclient\x64\debug\cortexclient.tlog\moc.read.1u.tlog
c:\users\nacho\source\repos\iestevez\cortex-example\cpp-qt\cortexclient\x64\debug\cortexclient.tlog\moc.write.1u.tlog
